<?xml version="1.0" encoding="UTF-8"?>
<testng-results total="1" passed="1" failed="0" skipped="0">
  <reporter-output>
  </reporter-output>
  <suite started-at="2023-12-15T14:44:10Z" name="Command line suite" finished-at="2023-12-15T14:44:42Z" duration-ms="32189">
    <groups>
      <group name="cucumber">
        <method signature="AbstractTestNGCucumberTests.feature(cucumber.api.testng.CucumberFeatureWrapper)[pri:0, instance:Runner.TestRunner@10e41621]" name="feature" class="cucumber.api.testng.AbstractTestNGCucumberTests"/>
      </group> <!-- cucumber -->
    </groups>
    <test started-at="2023-12-15T14:44:10Z" name="Command line test" finished-at="2023-12-15T14:44:42Z" duration-ms="32189">
      <class name="Runner.TestRunner">
        <test-method is-config="true" signature="setUpClass()[pri:0, instance:Runner.TestRunner@10e41621]" started-at="2023-12-15T20:14:10Z" name="setUpClass" finished-at="2023-12-15T20:14:10Z" duration-ms="371" status="PASS">
          <reporter-output>
          </reporter-output>
        </test-method> <!-- setUpClass -->
        <test-method signature="feature(cucumber.api.testng.CucumberFeatureWrapper)[pri:0, instance:Runner.TestRunner@10e41621]" started-at="2023-12-15T20:14:10Z" name="feature" description="Runs Cucumber Feature" data-provider="features" finished-at="2023-12-15T20:14:42Z" duration-ms="31581" status="PASS">
          <params>
            <param index="0">
              <value>
                <![CDATA[Account Creation]]>
              </value>
            </param>
          </params>
          <reporter-output>
          </reporter-output>
        </test-method> <!-- feature -->
        <test-method is-config="true" signature="tearDownClass()[pri:0, instance:Runner.TestRunner@10e41621]" started-at="2023-12-15T20:14:42Z" name="tearDownClass" finished-at="2023-12-15T20:14:42Z" duration-ms="116" status="PASS">
          <reporter-output>
          </reporter-output>
        </test-method> <!-- tearDownClass -->
        <test-method is-config="true" signature="reportGenHTML()[pri:0, instance:Runner.TestRunner@10e41621]" started-at="2023-12-15T20:14:42Z" name="reportGenHTML" finished-at="2023-12-15T20:14:44Z" duration-ms="2338" status="PASS">
          <reporter-output>
          </reporter-output>
        </test-method> <!-- reportGenHTML -->
      </class> <!-- Runner.TestRunner -->
    </test> <!-- Command line test -->
  </suite> <!-- Command line suite -->
</testng-results>
